<?xml version="1.0" encoding="UTF-8"?>
<!-- Generated by org.testng.reporters.JUnitReportReporter -->
<testsuite skipped="0" hostname="DESKTOP-7D24G14" name="apitest.ReqResTest" tests="6" failures="0" timestamp="30 січ. 2018 20:13:54 GMT" time="5.668" errors="0">
  <testcase name="getUserDataByPageTest" time="2.693" classname="apitest.ReqResTest"/>
  <testcase name="verifyResourceDataById" time="1.074" classname="apitest.ReqResTest"/>
  <testcase name="verifyUserAbsenceById" time="0.600" classname="apitest.ReqResTest"/>
  <testcase name="verifyUserNamesById" time="0.439" classname="apitest.ReqResTest"/>
  <testcase name="verifyUserPresenceById" time="0.415" classname="apitest.ReqResTest"/>
  <testcase name="verifyUsersAmountOnPage" time="0.447" classname="apitest.ReqResTest"/>
</testsuite> <!-- apitest.ReqResTest -->
